<?xml version="1.0" encoding="UTF-8"?>
<testsuite xmlns:xsi="http://www.w3.org/2001/XMLSchema-instance" xsi:noNamespaceSchemaLocation="https://maven.apache.org/surefire/maven-surefire-plugin/xsd/surefire-test-report-3.0.xsd" version="3.0" name="com.zw.JwtTest" time="0.244" tests="2" errors="0" skipped="0" failures="0">
  <properties>
    <property name="java.specification.version" value="17"/>
    <property name="sun.cpu.isalist" value="amd64"/>
    <property name="sun.jnu.encoding" value="GBK"/>
    <property name="java.class.path" value="D:\SpringBoot3-Project\big-event\target\test-classes;D:\SpringBoot3-Project\big-event\target\classes;D:\apache-maven-3.8.6\mvn_resp\org\springframework\boot\spring-boot-starter-web\3.1.3\spring-boot-starter-web-3.1.3.jar;D:\apache-maven-3.8.6\mvn_resp\org\springframework\boot\spring-boot-starter\3.1.3\spring-boot-starter-3.1.3.jar;D:\apache-maven-3.8.6\mvn_resp\org\springframework\boot\spring-boot\3.1.3\spring-boot-3.1.3.jar;D:\apache-maven-3.8.6\mvn_resp\org\springframework\boot\spring-boot-autoconfigure\3.1.3\spring-boot-autoconfigure-3.1.3.jar;D:\apache-maven-3.8.6\mvn_resp\org\springframework\boot\spring-boot-starter-logging\3.1.3\spring-boot-starter-logging-3.1.3.jar;D:\apache-maven-3.8.6\mvn_resp\ch\qos\logback\logback-classic\1.4.11\logback-classic-1.4.11.jar;D:\apache-maven-3.8.6\mvn_resp\ch\qos\logback\logback-core\1.4.11\logback-core-1.4.11.jar;D:\apache-maven-3.8.6\mvn_resp\org\apache\logging\log4j\log4j-to-slf4j\2.20.0\log4j-to-slf4j-2.20.0.jar;D:\apache-maven-3.8.6\mvn_resp\org\apache\logging\log4j\log4j-api\2.20.0\log4j-api-2.20.0.jar;D:\apache-maven-3.8.6\mvn_resp\org\slf4j\jul-to-slf4j\2.0.7\jul-to-slf4j-2.0.7.jar;D:\apache-maven-3.8.6\mvn_resp\jakarta\annotation\jakarta.annotation-api\2.1.1\jakarta.annotation-api-2.1.1.jar;D:\apache-maven-3.8.6\mvn_resp\org\yaml\snakeyaml\1.33\snakeyaml-1.33.jar;D:\apache-maven-3.8.6\mvn_resp\org\springframework\boot\spring-boot-starter-json\3.1.3\spring-boot-starter-json-3.1.3.jar;D:\apache-maven-3.8.6\mvn_resp\com\fasterxml\jackson\datatype\jackson-datatype-jdk8\2.15.2\jackson-datatype-jdk8-2.15.2.jar;D:\apache-maven-3.8.6\mvn_resp\com\fasterxml\jackson\datatype\jackson-datatype-jsr310\2.15.2\jackson-datatype-jsr310-2.15.2.jar;D:\apache-maven-3.8.6\mvn_resp\com\fasterxml\jackson\module\jackson-module-parameter-names\2.15.2\jackson-module-parameter-names-2.15.2.jar;D:\apache-maven-3.8.6\mvn_resp\org\springframework\boot\spring-boot-starter-tomcat\3.1.3\spring-boot-starter-tomcat-3.1.3.jar;D:\apache-maven-3.8.6\mvn_resp\org\apache\tomcat\embed\tomcat-embed-core\10.1.12\tomcat-embed-core-10.1.12.jar;D:\apache-maven-3.8.6\mvn_resp\org\apache\tomcat\embed\tomcat-embed-websocket\10.1.12\tomcat-embed-websocket-10.1.12.jar;D:\apache-maven-3.8.6\mvn_resp\org\springframework\spring-web\6.0.11\spring-web-6.0.11.jar;D:\apache-maven-3.8.6\mvn_resp\org\springframework\spring-beans\6.0.11\spring-beans-6.0.11.jar;D:\apache-maven-3.8.6\mvn_resp\io\micrometer\micrometer-observation\1.11.3\micrometer-observation-1.11.3.jar;D:\apache-maven-3.8.6\mvn_resp\io\micrometer\micrometer-commons\1.11.3\micrometer-commons-1.11.3.jar;D:\apache-maven-3.8.6\mvn_resp\org\springframework\spring-webmvc\6.0.11\spring-webmvc-6.0.11.jar;D:\apache-maven-3.8.6\mvn_resp\org\springframework\spring-aop\6.0.11\spring-aop-6.0.11.jar;D:\apache-maven-3.8.6\mvn_resp\org\springframework\spring-context\6.0.11\spring-context-6.0.11.jar;D:\apache-maven-3.8.6\mvn_resp\org\springframework\spring-expression\6.0.11\spring-expression-6.0.11.jar;D:\apache-maven-3.8.6\mvn_resp\org\mybatis\spring\boot\mybatis-spring-boot-starter\3.0.0\mybatis-spring-boot-starter-3.0.0.jar;D:\apache-maven-3.8.6\mvn_resp\org\springframework\boot\spring-boot-starter-jdbc\3.1.3\spring-boot-starter-jdbc-3.1.3.jar;D:\apache-maven-3.8.6\mvn_resp\com\zaxxer\HikariCP\5.0.1\HikariCP-5.0.1.jar;D:\apache-maven-3.8.6\mvn_resp\org\springframework\spring-jdbc\6.0.11\spring-jdbc-6.0.11.jar;D:\apache-maven-3.8.6\mvn_resp\org\mybatis\spring\boot\mybatis-spring-boot-autoconfigure\3.0.0\mybatis-spring-boot-autoconfigure-3.0.0.jar;D:\apache-maven-3.8.6\mvn_resp\org\mybatis\mybatis\3.5.11\mybatis-3.5.11.jar;D:\apache-maven-3.8.6\mvn_resp\org\mybatis\mybatis-spring\3.0.0\mybatis-spring-3.0.0.jar;D:\apache-maven-3.8.6\mvn_resp\com\mysql\mysql-connector-j\8.0.33\mysql-connector-j-8.0.33.jar;D:\apache-maven-3.8.6\mvn_resp\org\projectlombok\lombok\1.18.28\lombok-1.18.28.jar;D:\apache-maven-3.8.6\mvn_resp\org\springframework\boot\spring-boot-starter-validation\3.1.3\spring-boot-starter-validation-3.1.3.jar;D:\apache-maven-3.8.6\mvn_resp\org\apache\tomcat\embed\tomcat-embed-el\10.1.12\tomcat-embed-el-10.1.12.jar;D:\apache-maven-3.8.6\mvn_resp\org\hibernate\validator\hibernate-validator\8.0.1.Final\hibernate-validator-8.0.1.Final.jar;D:\apache-maven-3.8.6\mvn_resp\jakarta\validation\jakarta.validation-api\3.0.2\jakarta.validation-api-3.0.2.jar;D:\apache-maven-3.8.6\mvn_resp\org\jboss\logging\jboss-logging\3.5.3.Final\jboss-logging-3.5.3.Final.jar;D:\apache-maven-3.8.6\mvn_resp\com\fasterxml\classmate\1.5.1\classmate-1.5.1.jar;D:\apache-maven-3.8.6\mvn_resp\com\auth0\java-jwt\4.4.0\java-jwt-4.4.0.jar;D:\apache-maven-3.8.6\mvn_resp\com\fasterxml\jackson\core\jackson-databind\2.15.2\jackson-databind-2.15.2.jar;D:\apache-maven-3.8.6\mvn_resp\com\fasterxml\jackson\core\jackson-annotations\2.15.2\jackson-annotations-2.15.2.jar;D:\apache-maven-3.8.6\mvn_resp\com\fasterxml\jackson\core\jackson-core\2.15.2\jackson-core-2.15.2.jar;D:\apache-maven-3.8.6\mvn_resp\org\springframework\boot\spring-boot-starter-test\3.1.3\spring-boot-starter-test-3.1.3.jar;D:\apache-maven-3.8.6\mvn_resp\org\springframework\boot\spring-boot-test\3.1.3\spring-boot-test-3.1.3.jar;D:\apache-maven-3.8.6\mvn_resp\org\springframework\boot\spring-boot-test-autoconfigure\3.1.3\spring-boot-test-autoconfigure-3.1.3.jar;D:\apache-maven-3.8.6\mvn_resp\com\jayway\jsonpath\json-path\2.8.0\json-path-2.8.0.jar;D:\apache-maven-3.8.6\mvn_resp\org\slf4j\slf4j-api\2.0.7\slf4j-api-2.0.7.jar;D:\apache-maven-3.8.6\mvn_resp\jakarta\xml\bind\jakarta.xml.bind-api\4.0.0\jakarta.xml.bind-api-4.0.0.jar;D:\apache-maven-3.8.6\mvn_resp\jakarta\activation\jakarta.activation-api\2.1.2\jakarta.activation-api-2.1.2.jar;D:\apache-maven-3.8.6\mvn_resp\net\minidev\json-smart\2.4.11\json-smart-2.4.11.jar;D:\apache-maven-3.8.6\mvn_resp\net\minidev\accessors-smart\2.4.11\accessors-smart-2.4.11.jar;D:\apache-maven-3.8.6\mvn_resp\org\ow2\asm\asm\9.3\asm-9.3.jar;D:\apache-maven-3.8.6\mvn_resp\org\assertj\assertj-core\3.24.2\assertj-core-3.24.2.jar;D:\apache-maven-3.8.6\mvn_resp\net\bytebuddy\byte-buddy\1.14.6\byte-buddy-1.14.6.jar;D:\apache-maven-3.8.6\mvn_resp\org\hamcrest\hamcrest\2.2\hamcrest-2.2.jar;D:\apache-maven-3.8.6\mvn_resp\org\junit\jupiter\junit-jupiter\5.9.3\junit-jupiter-5.9.3.jar;D:\apache-maven-3.8.6\mvn_resp\org\junit\jupiter\junit-jupiter-api\5.9.3\junit-jupiter-api-5.9.3.jar;D:\apache-maven-3.8.6\mvn_resp\org\opentest4j\opentest4j\1.2.0\opentest4j-1.2.0.jar;D:\apache-maven-3.8.6\mvn_resp\org\junit\platform\junit-platform-commons\1.9.3\junit-platform-commons-1.9.3.jar;D:\apache-maven-3.8.6\mvn_resp\org\apiguardian\apiguardian-api\1.1.2\apiguardian-api-1.1.2.jar;D:\apache-maven-3.8.6\mvn_resp\org\junit\jupiter\junit-jupiter-params\5.9.3\junit-jupiter-params-5.9.3.jar;D:\apache-maven-3.8.6\mvn_resp\org\junit\jupiter\junit-jupiter-engine\5.9.3\junit-jupiter-engine-5.9.3.jar;D:\apache-maven-3.8.6\mvn_resp\org\junit\platform\junit-platform-engine\1.9.3\junit-platform-engine-1.9.3.jar;D:\apache-maven-3.8.6\mvn_resp\org\mockito\mockito-core\5.3.1\mockito-core-5.3.1.jar;D:\apache-maven-3.8.6\mvn_resp\net\bytebuddy\byte-buddy-agent\1.14.6\byte-buddy-agent-1.14.6.jar;D:\apache-maven-3.8.6\mvn_resp\org\objenesis\objenesis\3.3\objenesis-3.3.jar;D:\apache-maven-3.8.6\mvn_resp\org\mockito\mockito-junit-jupiter\5.3.1\mockito-junit-jupiter-5.3.1.jar;D:\apache-maven-3.8.6\mvn_resp\org\skyscreamer\jsonassert\1.5.1\jsonassert-1.5.1.jar;D:\apache-maven-3.8.6\mvn_resp\com\vaadin\external\google\android-json\0.0.20131108.vaadin1\android-json-0.0.20131108.vaadin1.jar;D:\apache-maven-3.8.6\mvn_resp\org\springframework\spring-core\6.0.11\spring-core-6.0.11.jar;D:\apache-maven-3.8.6\mvn_resp\org\springframework\spring-jcl\6.0.11\spring-jcl-6.0.11.jar;D:\apache-maven-3.8.6\mvn_resp\org\springframework\spring-test\6.0.11\spring-test-6.0.11.jar;D:\apache-maven-3.8.6\mvn_resp\org\xmlunit\xmlunit-core\2.9.1\xmlunit-core-2.9.1.jar;D:\apache-maven-3.8.6\mvn_resp\com\github\pagehelper\pagehelper-spring-boot-starter\1.4.6\pagehelper-spring-boot-starter-1.4.6.jar;D:\apache-maven-3.8.6\mvn_resp\com\github\pagehelper\pagehelper-spring-boot-autoconfigure\1.4.6\pagehelper-spring-boot-autoconfigure-1.4.6.jar;D:\apache-maven-3.8.6\mvn_resp\com\github\pagehelper\pagehelper\5.3.2\pagehelper-5.3.2.jar;D:\apache-maven-3.8.6\mvn_resp\com\github\jsqlparser\jsqlparser\4.5\jsqlparser-4.5.jar;D:\apache-maven-3.8.6\mvn_resp\com\aliyun\oss\aliyun-sdk-oss\3.15.1\aliyun-sdk-oss-3.15.1.jar;D:\apache-maven-3.8.6\mvn_resp\org\apache\httpcomponents\httpclient\4.4.1\httpclient-4.4.1.jar;D:\apache-maven-3.8.6\mvn_resp\org\apache\httpcomponents\httpcore\4.4.16\httpcore-4.4.16.jar;D:\apache-maven-3.8.6\mvn_resp\commons-logging\commons-logging\1.2\commons-logging-1.2.jar;D:\apache-maven-3.8.6\mvn_resp\commons-codec\commons-codec\1.15\commons-codec-1.15.jar;D:\apache-maven-3.8.6\mvn_resp\org\jdom\jdom2\2.0.6.1\jdom2-2.0.6.1.jar;D:\apache-maven-3.8.6\mvn_resp\org\codehaus\jettison\jettison\1.1\jettison-1.1.jar;D:\apache-maven-3.8.6\mvn_resp\stax\stax-api\1.0.1\stax-api-1.0.1.jar;D:\apache-maven-3.8.6\mvn_resp\com\aliyun\aliyun-java-sdk-core\4.5.10\aliyun-java-sdk-core-4.5.10.jar;D:\apache-maven-3.8.6\mvn_resp\com\google\code\gson\gson\2.10.1\gson-2.10.1.jar;D:\apache-maven-3.8.6\mvn_resp\org\jacoco\org.jacoco.agent\0.8.5\org.jacoco.agent-0.8.5-runtime.jar;D:\apache-maven-3.8.6\mvn_resp\org\ini4j\ini4j\0.5.4\ini4j-0.5.4.jar;D:\apache-maven-3.8.6\mvn_resp\io\opentracing\opentracing-api\0.33.0\opentracing-api-0.33.0.jar;D:\apache-maven-3.8.6\mvn_resp\io\opentracing\opentracing-util\0.33.0\opentracing-util-0.33.0.jar;D:\apache-maven-3.8.6\mvn_resp\io\opentracing\opentracing-noop\0.33.0\opentracing-noop-0.33.0.jar;D:\apache-maven-3.8.6\mvn_resp\com\aliyun\aliyun-java-sdk-ram\3.1.0\aliyun-java-sdk-ram-3.1.0.jar;D:\apache-maven-3.8.6\mvn_resp\com\aliyun\aliyun-java-sdk-kms\2.11.0\aliyun-java-sdk-kms-2.11.0.jar;D:\apache-maven-3.8.6\mvn_resp\javax\xml\bind\jaxb-api\2.3.1\jaxb-api-2.3.1.jar;D:\apache-maven-3.8.6\mvn_resp\javax\activation\javax.activation-api\1.2.0\javax.activation-api-1.2.0.jar;D:\apache-maven-3.8.6\mvn_resp\javax\activation\activation\1.1.1\activation-1.1.1.jar;D:\apache-maven-3.8.6\mvn_resp\org\glassfish\jaxb\jaxb-runtime\2.3.3\jaxb-runtime-2.3.3.jar;D:\apache-maven-3.8.6\mvn_resp\org\glassfish\jaxb\txw2\4.0.3\txw2-4.0.3.jar;D:\apache-maven-3.8.6\mvn_resp\com\sun\istack\istack-commons-runtime\4.1.2\istack-commons-runtime-4.1.2.jar;D:\apache-maven-3.8.6\mvn_resp\com\sun\activation\jakarta.activation\1.2.2\jakarta.activation-1.2.2.jar;D:\apache-maven-3.8.6\mvn_resp\org\springframework\boot\spring-boot-starter-data-redis\3.1.3\spring-boot-starter-data-redis-3.1.3.jar;D:\apache-maven-3.8.6\mvn_resp\org\springframework\data\spring-data-redis\3.1.3\spring-data-redis-3.1.3.jar;D:\apache-maven-3.8.6\mvn_resp\org\springframework\data\spring-data-keyvalue\3.1.3\spring-data-keyvalue-3.1.3.jar;D:\apache-maven-3.8.6\mvn_resp\org\springframework\data\spring-data-commons\3.1.3\spring-data-commons-3.1.3.jar;D:\apache-maven-3.8.6\mvn_resp\org\springframework\spring-tx\6.0.11\spring-tx-6.0.11.jar;D:\apache-maven-3.8.6\mvn_resp\org\springframework\spring-oxm\6.0.11\spring-oxm-6.0.11.jar;D:\apache-maven-3.8.6\mvn_resp\org\springframework\spring-context-support\6.0.11\spring-context-support-6.0.11.jar;D:\apache-maven-3.8.6\mvn_resp\io\lettuce\lettuce-core\6.2.6.RELEASE\lettuce-core-6.2.6.RELEASE.jar;D:\apache-maven-3.8.6\mvn_resp\io\netty\netty-common\4.1.97.Final\netty-common-4.1.97.Final.jar;D:\apache-maven-3.8.6\mvn_resp\io\netty\netty-handler\4.1.97.Final\netty-handler-4.1.97.Final.jar;D:\apache-maven-3.8.6\mvn_resp\io\netty\netty-resolver\4.1.97.Final\netty-resolver-4.1.97.Final.jar;D:\apache-maven-3.8.6\mvn_resp\io\netty\netty-buffer\4.1.97.Final\netty-buffer-4.1.97.Final.jar;D:\apache-maven-3.8.6\mvn_resp\io\netty\netty-transport-native-unix-common\4.1.97.Final\netty-transport-native-unix-common-4.1.97.Final.jar;D:\apache-maven-3.8.6\mvn_resp\io\netty\netty-codec\4.1.97.Final\netty-codec-4.1.97.Final.jar;D:\apache-maven-3.8.6\mvn_resp\io\netty\netty-transport\4.1.97.Final\netty-transport-4.1.97.Final.jar;D:\apache-maven-3.8.6\mvn_resp\io\projectreactor\reactor-core\3.5.9\reactor-core-3.5.9.jar;D:\apache-maven-3.8.6\mvn_resp\org\reactivestreams\reactive-streams\1.0.4\reactive-streams-1.0.4.jar;"/>
    <property name="java.vm.vendor" value="Oracle Corporation"/>
    <property name="sun.arch.data.model" value="64"/>
    <property name="user.variant" value=""/>
    <property name="java.vendor.url" value="https://java.oracle.com/"/>
    <property name="user.timezone" value="Asia/Shanghai"/>
    <property name="os.name" value="Windows 10"/>
    <property name="java.vm.specification.version" value="17"/>
    <property name="sun.java.launcher" value="SUN_STANDARD"/>
    <property name="user.country" value="CN"/>
    <property name="sun.boot.library.path" value="D:\IntelliJ IDEA jdk\bin"/>
    <property name="sun.java.command" value="C:\Users\Administrator\AppData\Local\Temp\surefire15109147308802732581\surefirebooter-20240123151045996_3.jar C:\Users\Administrator\AppData\Local\Temp\surefire15109147308802732581 2024-01-23T15-10-45_848-jvmRun1 surefire-20240123151045996_1tmp surefire_0-20240123151045996_2tmp"/>
    <property name="jdk.debug" value="release"/>
    <property name="surefire.test.class.path" value="D:\SpringBoot3-Project\big-event\target\test-classes;D:\SpringBoot3-Project\big-event\target\classes;D:\apache-maven-3.8.6\mvn_resp\org\springframework\boot\spring-boot-starter-web\3.1.3\spring-boot-starter-web-3.1.3.jar;D:\apache-maven-3.8.6\mvn_resp\org\springframework\boot\spring-boot-starter\3.1.3\spring-boot-starter-3.1.3.jar;D:\apache-maven-3.8.6\mvn_resp\org\springframework\boot\spring-boot\3.1.3\spring-boot-3.1.3.jar;D:\apache-maven-3.8.6\mvn_resp\org\springframework\boot\spring-boot-autoconfigure\3.1.3\spring-boot-autoconfigure-3.1.3.jar;D:\apache-maven-3.8.6\mvn_resp\org\springframework\boot\spring-boot-starter-logging\3.1.3\spring-boot-starter-logging-3.1.3.jar;D:\apache-maven-3.8.6\mvn_resp\ch\qos\logback\logback-classic\1.4.11\logback-classic-1.4.11.jar;D:\apache-maven-3.8.6\mvn_resp\ch\qos\logback\logback-core\1.4.11\logback-core-1.4.11.jar;D:\apache-maven-3.8.6\mvn_resp\org\apache\logging\log4j\log4j-to-slf4j\2.20.0\log4j-to-slf4j-2.20.0.jar;D:\apache-maven-3.8.6\mvn_resp\org\apache\logging\log4j\log4j-api\2.20.0\log4j-api-2.20.0.jar;D:\apache-maven-3.8.6\mvn_resp\org\slf4j\jul-to-slf4j\2.0.7\jul-to-slf4j-2.0.7.jar;D:\apache-maven-3.8.6\mvn_resp\jakarta\annotation\jakarta.annotation-api\2.1.1\jakarta.annotation-api-2.1.1.jar;D:\apache-maven-3.8.6\mvn_resp\org\yaml\snakeyaml\1.33\snakeyaml-1.33.jar;D:\apache-maven-3.8.6\mvn_resp\org\springframework\boot\spring-boot-starter-json\3.1.3\spring-boot-starter-json-3.1.3.jar;D:\apache-maven-3.8.6\mvn_resp\com\fasterxml\jackson\datatype\jackson-datatype-jdk8\2.15.2\jackson-datatype-jdk8-2.15.2.jar;D:\apache-maven-3.8.6\mvn_resp\com\fasterxml\jackson\datatype\jackson-datatype-jsr310\2.15.2\jackson-datatype-jsr310-2.15.2.jar;D:\apache-maven-3.8.6\mvn_resp\com\fasterxml\jackson\module\jackson-module-parameter-names\2.15.2\jackson-module-parameter-names-2.15.2.jar;D:\apache-maven-3.8.6\mvn_resp\org\springframework\boot\spring-boot-starter-tomcat\3.1.3\spring-boot-starter-tomcat-3.1.3.jar;D:\apache-maven-3.8.6\mvn_resp\org\apache\tomcat\embed\tomcat-embed-core\10.1.12\tomcat-embed-core-10.1.12.jar;D:\apache-maven-3.8.6\mvn_resp\org\apache\tomcat\embed\tomcat-embed-websocket\10.1.12\tomcat-embed-websocket-10.1.12.jar;D:\apache-maven-3.8.6\mvn_resp\org\springframework\spring-web\6.0.11\spring-web-6.0.11.jar;D:\apache-maven-3.8.6\mvn_resp\org\springframework\spring-beans\6.0.11\spring-beans-6.0.11.jar;D:\apache-maven-3.8.6\mvn_resp\io\micrometer\micrometer-observation\1.11.3\micrometer-observation-1.11.3.jar;D:\apache-maven-3.8.6\mvn_resp\io\micrometer\micrometer-commons\1.11.3\micrometer-commons-1.11.3.jar;D:\apache-maven-3.8.6\mvn_resp\org\springframework\spring-webmvc\6.0.11\spring-webmvc-6.0.11.jar;D:\apache-maven-3.8.6\mvn_resp\org\springframework\spring-aop\6.0.11\spring-aop-6.0.11.jar;D:\apache-maven-3.8.6\mvn_resp\org\springframework\spring-context\6.0.11\spring-context-6.0.11.jar;D:\apache-maven-3.8.6\mvn_resp\org\springframework\spring-expression\6.0.11\spring-expression-6.0.11.jar;D:\apache-maven-3.8.6\mvn_resp\org\mybatis\spring\boot\mybatis-spring-boot-starter\3.0.0\mybatis-spring-boot-starter-3.0.0.jar;D:\apache-maven-3.8.6\mvn_resp\org\springframework\boot\spring-boot-starter-jdbc\3.1.3\spring-boot-starter-jdbc-3.1.3.jar;D:\apache-maven-3.8.6\mvn_resp\com\zaxxer\HikariCP\5.0.1\HikariCP-5.0.1.jar;D:\apache-maven-3.8.6\mvn_resp\org\springframework\spring-jdbc\6.0.11\spring-jdbc-6.0.11.jar;D:\apache-maven-3.8.6\mvn_resp\org\mybatis\spring\boot\mybatis-spring-boot-autoconfigure\3.0.0\mybatis-spring-boot-autoconfigure-3.0.0.jar;D:\apache-maven-3.8.6\mvn_resp\org\mybatis\mybatis\3.5.11\mybatis-3.5.11.jar;D:\apache-maven-3.8.6\mvn_resp\org\mybatis\mybatis-spring\3.0.0\mybatis-spring-3.0.0.jar;D:\apache-maven-3.8.6\mvn_resp\com\mysql\mysql-connector-j\8.0.33\mysql-connector-j-8.0.33.jar;D:\apache-maven-3.8.6\mvn_resp\org\projectlombok\lombok\1.18.28\lombok-1.18.28.jar;D:\apache-maven-3.8.6\mvn_resp\org\springframework\boot\spring-boot-starter-validation\3.1.3\spring-boot-starter-validation-3.1.3.jar;D:\apache-maven-3.8.6\mvn_resp\org\apache\tomcat\embed\tomcat-embed-el\10.1.12\tomcat-embed-el-10.1.12.jar;D:\apache-maven-3.8.6\mvn_resp\org\hibernate\validator\hibernate-validator\8.0.1.Final\hibernate-validator-8.0.1.Final.jar;D:\apache-maven-3.8.6\mvn_resp\jakarta\validation\jakarta.validation-api\3.0.2\jakarta.validation-api-3.0.2.jar;D:\apache-maven-3.8.6\mvn_resp\org\jboss\logging\jboss-logging\3.5.3.Final\jboss-logging-3.5.3.Final.jar;D:\apache-maven-3.8.6\mvn_resp\com\fasterxml\classmate\1.5.1\classmate-1.5.1.jar;D:\apache-maven-3.8.6\mvn_resp\com\auth0\java-jwt\4.4.0\java-jwt-4.4.0.jar;D:\apache-maven-3.8.6\mvn_resp\com\fasterxml\jackson\core\jackson-databind\2.15.2\jackson-databind-2.15.2.jar;D:\apache-maven-3.8.6\mvn_resp\com\fasterxml\jackson\core\jackson-annotations\2.15.2\jackson-annotations-2.15.2.jar;D:\apache-maven-3.8.6\mvn_resp\com\fasterxml\jackson\core\jackson-core\2.15.2\jackson-core-2.15.2.jar;D:\apache-maven-3.8.6\mvn_resp\org\springframework\boot\spring-boot-starter-test\3.1.3\spring-boot-starter-test-3.1.3.jar;D:\apache-maven-3.8.6\mvn_resp\org\springframework\boot\spring-boot-test\3.1.3\spring-boot-test-3.1.3.jar;D:\apache-maven-3.8.6\mvn_resp\org\springframework\boot\spring-boot-test-autoconfigure\3.1.3\spring-boot-test-autoconfigure-3.1.3.jar;D:\apache-maven-3.8.6\mvn_resp\com\jayway\jsonpath\json-path\2.8.0\json-path-2.8.0.jar;D:\apache-maven-3.8.6\mvn_resp\org\slf4j\slf4j-api\2.0.7\slf4j-api-2.0.7.jar;D:\apache-maven-3.8.6\mvn_resp\jakarta\xml\bind\jakarta.xml.bind-api\4.0.0\jakarta.xml.bind-api-4.0.0.jar;D:\apache-maven-3.8.6\mvn_resp\jakarta\activation\jakarta.activation-api\2.1.2\jakarta.activation-api-2.1.2.jar;D:\apache-maven-3.8.6\mvn_resp\net\minidev\json-smart\2.4.11\json-smart-2.4.11.jar;D:\apache-maven-3.8.6\mvn_resp\net\minidev\accessors-smart\2.4.11\accessors-smart-2.4.11.jar;D:\apache-maven-3.8.6\mvn_resp\org\ow2\asm\asm\9.3\asm-9.3.jar;D:\apache-maven-3.8.6\mvn_resp\org\assertj\assertj-core\3.24.2\assertj-core-3.24.2.jar;D:\apache-maven-3.8.6\mvn_resp\net\bytebuddy\byte-buddy\1.14.6\byte-buddy-1.14.6.jar;D:\apache-maven-3.8.6\mvn_resp\org\hamcrest\hamcrest\2.2\hamcrest-2.2.jar;D:\apache-maven-3.8.6\mvn_resp\org\junit\jupiter\junit-jupiter\5.9.3\junit-jupiter-5.9.3.jar;D:\apache-maven-3.8.6\mvn_resp\org\junit\jupiter\junit-jupiter-api\5.9.3\junit-jupiter-api-5.9.3.jar;D:\apache-maven-3.8.6\mvn_resp\org\opentest4j\opentest4j\1.2.0\opentest4j-1.2.0.jar;D:\apache-maven-3.8.6\mvn_resp\org\junit\platform\junit-platform-commons\1.9.3\junit-platform-commons-1.9.3.jar;D:\apache-maven-3.8.6\mvn_resp\org\apiguardian\apiguardian-api\1.1.2\apiguardian-api-1.1.2.jar;D:\apache-maven-3.8.6\mvn_resp\org\junit\jupiter\junit-jupiter-params\5.9.3\junit-jupiter-params-5.9.3.jar;D:\apache-maven-3.8.6\mvn_resp\org\junit\jupiter\junit-jupiter-engine\5.9.3\junit-jupiter-engine-5.9.3.jar;D:\apache-maven-3.8.6\mvn_resp\org\junit\platform\junit-platform-engine\1.9.3\junit-platform-engine-1.9.3.jar;D:\apache-maven-3.8.6\mvn_resp\org\mockito\mockito-core\5.3.1\mockito-core-5.3.1.jar;D:\apache-maven-3.8.6\mvn_resp\net\bytebuddy\byte-buddy-agent\1.14.6\byte-buddy-agent-1.14.6.jar;D:\apache-maven-3.8.6\mvn_resp\org\objenesis\objenesis\3.3\objenesis-3.3.jar;D:\apache-maven-3.8.6\mvn_resp\org\mockito\mockito-junit-jupiter\5.3.1\mockito-junit-jupiter-5.3.1.jar;D:\apache-maven-3.8.6\mvn_resp\org\skyscreamer\jsonassert\1.5.1\jsonassert-1.5.1.jar;D:\apache-maven-3.8.6\mvn_resp\com\vaadin\external\google\android-json\0.0.20131108.vaadin1\android-json-0.0.20131108.vaadin1.jar;D:\apache-maven-3.8.6\mvn_resp\org\springframework\spring-core\6.0.11\spring-core-6.0.11.jar;D:\apache-maven-3.8.6\mvn_resp\org\springframework\spring-jcl\6.0.11\spring-jcl-6.0.11.jar;D:\apache-maven-3.8.6\mvn_resp\org\springframework\spring-test\6.0.11\spring-test-6.0.11.jar;D:\apache-maven-3.8.6\mvn_resp\org\xmlunit\xmlunit-core\2.9.1\xmlunit-core-2.9.1.jar;D:\apache-maven-3.8.6\mvn_resp\com\github\pagehelper\pagehelper-spring-boot-starter\1.4.6\pagehelper-spring-boot-starter-1.4.6.jar;D:\apache-maven-3.8.6\mvn_resp\com\github\pagehelper\pagehelper-spring-boot-autoconfigure\1.4.6\pagehelper-spring-boot-autoconfigure-1.4.6.jar;D:\apache-maven-3.8.6\mvn_resp\com\github\pagehelper\pagehelper\5.3.2\pagehelper-5.3.2.jar;D:\apache-maven-3.8.6\mvn_resp\com\github\jsqlparser\jsqlparser\4.5\jsqlparser-4.5.jar;D:\apache-maven-3.8.6\mvn_resp\com\aliyun\oss\aliyun-sdk-oss\3.15.1\aliyun-sdk-oss-3.15.1.jar;D:\apache-maven-3.8.6\mvn_resp\org\apache\httpcomponents\httpclient\4.4.1\httpclient-4.4.1.jar;D:\apache-maven-3.8.6\mvn_resp\org\apache\httpcomponents\httpcore\4.4.16\httpcore-4.4.16.jar;D:\apache-maven-3.8.6\mvn_resp\commons-logging\commons-logging\1.2\commons-logging-1.2.jar;D:\apache-maven-3.8.6\mvn_resp\commons-codec\commons-codec\1.15\commons-codec-1.15.jar;D:\apache-maven-3.8.6\mvn_resp\org\jdom\jdom2\2.0.6.1\jdom2-2.0.6.1.jar;D:\apache-maven-3.8.6\mvn_resp\org\codehaus\jettison\jettison\1.1\jettison-1.1.jar;D:\apache-maven-3.8.6\mvn_resp\stax\stax-api\1.0.1\stax-api-1.0.1.jar;D:\apache-maven-3.8.6\mvn_resp\com\aliyun\aliyun-java-sdk-core\4.5.10\aliyun-java-sdk-core-4.5.10.jar;D:\apache-maven-3.8.6\mvn_resp\com\google\code\gson\gson\2.10.1\gson-2.10.1.jar;D:\apache-maven-3.8.6\mvn_resp\org\jacoco\org.jacoco.agent\0.8.5\org.jacoco.agent-0.8.5-runtime.jar;D:\apache-maven-3.8.6\mvn_resp\org\ini4j\ini4j\0.5.4\ini4j-0.5.4.jar;D:\apache-maven-3.8.6\mvn_resp\io\opentracing\opentracing-api\0.33.0\opentracing-api-0.33.0.jar;D:\apache-maven-3.8.6\mvn_resp\io\opentracing\opentracing-util\0.33.0\opentracing-util-0.33.0.jar;D:\apache-maven-3.8.6\mvn_resp\io\opentracing\opentracing-noop\0.33.0\opentracing-noop-0.33.0.jar;D:\apache-maven-3.8.6\mvn_resp\com\aliyun\aliyun-java-sdk-ram\3.1.0\aliyun-java-sdk-ram-3.1.0.jar;D:\apache-maven-3.8.6\mvn_resp\com\aliyun\aliyun-java-sdk-kms\2.11.0\aliyun-java-sdk-kms-2.11.0.jar;D:\apache-maven-3.8.6\mvn_resp\javax\xml\bind\jaxb-api\2.3.1\jaxb-api-2.3.1.jar;D:\apache-maven-3.8.6\mvn_resp\javax\activation\javax.activation-api\1.2.0\javax.activation-api-1.2.0.jar;D:\apache-maven-3.8.6\mvn_resp\javax\activation\activation\1.1.1\activation-1.1.1.jar;D:\apache-maven-3.8.6\mvn_resp\org\glassfish\jaxb\jaxb-runtime\2.3.3\jaxb-runtime-2.3.3.jar;D:\apache-maven-3.8.6\mvn_resp\org\glassfish\jaxb\txw2\4.0.3\txw2-4.0.3.jar;D:\apache-maven-3.8.6\mvn_resp\com\sun\istack\istack-commons-runtime\4.1.2\istack-commons-runtime-4.1.2.jar;D:\apache-maven-3.8.6\mvn_resp\com\sun\activation\jakarta.activation\1.2.2\jakarta.activation-1.2.2.jar;D:\apache-maven-3.8.6\mvn_resp\org\springframework\boot\spring-boot-starter-data-redis\3.1.3\spring-boot-starter-data-redis-3.1.3.jar;D:\apache-maven-3.8.6\mvn_resp\org\springframework\data\spring-data-redis\3.1.3\spring-data-redis-3.1.3.jar;D:\apache-maven-3.8.6\mvn_resp\org\springframework\data\spring-data-keyvalue\3.1.3\spring-data-keyvalue-3.1.3.jar;D:\apache-maven-3.8.6\mvn_resp\org\springframework\data\spring-data-commons\3.1.3\spring-data-commons-3.1.3.jar;D:\apache-maven-3.8.6\mvn_resp\org\springframework\spring-tx\6.0.11\spring-tx-6.0.11.jar;D:\apache-maven-3.8.6\mvn_resp\org\springframework\spring-oxm\6.0.11\spring-oxm-6.0.11.jar;D:\apache-maven-3.8.6\mvn_resp\org\springframework\spring-context-support\6.0.11\spring-context-support-6.0.11.jar;D:\apache-maven-3.8.6\mvn_resp\io\lettuce\lettuce-core\6.2.6.RELEASE\lettuce-core-6.2.6.RELEASE.jar;D:\apache-maven-3.8.6\mvn_resp\io\netty\netty-common\4.1.97.Final\netty-common-4.1.97.Final.jar;D:\apache-maven-3.8.6\mvn_resp\io\netty\netty-handler\4.1.97.Final\netty-handler-4.1.97.Final.jar;D:\apache-maven-3.8.6\mvn_resp\io\netty\netty-resolver\4.1.97.Final\netty-resolver-4.1.97.Final.jar;D:\apache-maven-3.8.6\mvn_resp\io\netty\netty-buffer\4.1.97.Final\netty-buffer-4.1.97.Final.jar;D:\apache-maven-3.8.6\mvn_resp\io\netty\netty-transport-native-unix-common\4.1.97.Final\netty-transport-native-unix-common-4.1.97.Final.jar;D:\apache-maven-3.8.6\mvn_resp\io\netty\netty-codec\4.1.97.Final\netty-codec-4.1.97.Final.jar;D:\apache-maven-3.8.6\mvn_resp\io\netty\netty-transport\4.1.97.Final\netty-transport-4.1.97.Final.jar;D:\apache-maven-3.8.6\mvn_resp\io\projectreactor\reactor-core\3.5.9\reactor-core-3.5.9.jar;D:\apache-maven-3.8.6\mvn_resp\org\reactivestreams\reactive-streams\1.0.4\reactive-streams-1.0.4.jar;"/>
    <property name="sun.cpu.endian" value="little"/>
    <property name="user.home" value="C:\Users\Administrator"/>
    <property name="user.language" value="zh"/>
    <property name="java.specification.vendor" value="Oracle Corporation"/>
    <property name="java.version.date" value="2021-10-19"/>
    <property name="java.home" value="D:\IntelliJ IDEA jdk"/>
    <property name="file.separator" value="\"/>
    <property name="basedir" value="D:\SpringBoot3-Project\big-event"/>
    <property name="java.vm.compressedOopsMode" value="32-bit"/>
    <property name="line.separator" value="&#10;"/>
    <property name="java.vm.specification.vendor" value="Oracle Corporation"/>
    <property name="java.specification.name" value="Java Platform API Specification"/>
    <property name="surefire.real.class.path" value="C:\Users\Administrator\AppData\Local\Temp\surefire15109147308802732581\surefirebooter-20240123151045996_3.jar"/>
    <property name="user.script" value=""/>
    <property name="sun.management.compiler" value="HotSpot 64-Bit Tiered Compilers"/>
    <property name="java.runtime.version" value="17.0.1+12-39"/>
    <property name="user.name" value="Administrator"/>
    <property name="path.separator" value=";"/>
    <property name="os.version" value="10.0"/>
    <property name="java.runtime.name" value="OpenJDK Runtime Environment"/>
    <property name="file.encoding" value="GBK"/>
    <property name="java.vm.name" value="OpenJDK 64-Bit Server VM"/>
    <property name="localRepository" value="D:\apache-maven-3.8.6\mvn_resp"/>
    <property name="java.vendor.url.bug" value="https://bugreport.java.com/bugreport/"/>
    <property name="java.io.tmpdir" value="C:\Users\ADMINI~1\AppData\Local\Temp\"/>
    <property name="idea.version" value="2023.1.3"/>
    <property name="java.version" value="17.0.1"/>
    <property name="user.dir" value="D:\SpringBoot3-Project\big-event"/>
    <property name="os.arch" value="amd64"/>
    <property name="java.vm.specification.name" value="Java Virtual Machine Specification"/>
    <property name="sun.os.patch.level" value=""/>
    <property name="native.encoding" value="GBK"/>
    <property name="java.library.path" value="D:\IntelliJ IDEA jdk\bin;C:\WINDOWS\Sun\Java\bin;C:\WINDOWS\system32;C:\WINDOWS;C:\Program Files\Common Files\Oracle\Java\javapath;C:\WINDOWS\system32;C:\WINDOWS;C:\WINDOWS\System32\Wbem;C:\WINDOWS\System32\WindowsPowerShell\v1.0\;C:\WINDOWS\System32\OpenSSH\;C:\Program Files\dotnet\;D:\jdk17\bin;D:\mysql-8.0.29\bin;D:\tomcat9\bin;D:\apache-maven-3.8.6\bin;D:\AHL-GEC-IDE(4.42)\gcc\bin;D:\Node\;D:\Git\cmd;D:\微信web开发者工具\dll;D:\xshell\;D:\python3.9.12\Scripts\;D:\python3.9.12\;C:\Users\Administrator\AppData\Local\Microsoft\WindowsApps;D:\IntelliJ IDEA\IntelliJ IDEA 2023.1.3\bin;;D:\PyCharm 2022.1.4\bin;;D:\AHL-GEC-IDE(4.42)\gcc\bin;C:\Users\Administrator\AppData\Roaming\npm;D:\VS  code\Microsoft VS Code\bin;C:\Users\Administrator\AppData\Local\GitHubDesktop\bin;."/>
    <property name="java.vm.info" value="mixed mode, sharing"/>
    <property name="java.vendor" value="Oracle Corporation"/>
    <property name="java.vm.version" value="17.0.1+12-39"/>
    <property name="sun.io.unicode.encoding" value="UnicodeLittle"/>
    <property name="maven.repo.local" value="D:\apache-maven-3.8.6\mvn_resp"/>
    <property name="java.class.version" value="61.0"/>
  </properties>
  <testcase name="testGen" classname="com.zw.JwtTest" time="0.188">
    <system-out><![CDATA[eyJhbGciOiJIUzI1NiIsInR5cCI6IkpXVCJ9.eyJ1c2VyIjp7ImlkIjoxLCJ1c2VybmFtZSI6IndhbmdoZSJ9LCJleHAiOjUxMTc5ODE1NDAxNDgwMH0.3SOFg2Yj48uzfDn0YOUxZVV_ZZM8FxqxbWA4JCf_k8o
]]></system-out>
  </testcase>
  <testcase name="testParse" classname="com.zw.JwtTest" time="0.04">
    <system-out><![CDATA[{"id":1,"username":"wanghe"}
]]></system-out>
  </testcase>
</testsuite>